Arguments: 
  D:\node.js\node.exe D:\Software\Yarn\bin\yarn.js add app4.css

PATH: 
  D:\Software\cmder\vendor\git-for-windows\mingw64\bin;D:\Software\cmder\vendor\git-for-windows\usr\bin;C:\Users\86138\bin;C:\Users\Scripts;C:\Users;D:\Python 36\Scripts;D:\Python 36;C:\Program Files (x86)\Intel\Intel(R) Management Engine Components\iCLS;C:\Program Files\Intel\Intel(R) Management Engine Components\iCLS;C:\Windows\system32;C:\Windows;C:\Windows\System32\Wbem;C:\Windows\System32\WindowsPowerShell\v1.0;C:\Windows\System32\OpenSSH;C:\Program Files (x86)\Intel\Intel(R) Management Engine Components\DAL;C:\Program Files\Intel\Intel(R) Management Engine Components\DAL;C:\Program Files (x86)\Intel\Intel(R) Management Engine Components\IPT;C:\Program Files\Intel\Intel(R) Management Engine Components\IPT;C:\Program Files (x86)\NVIDIA Corporation\PhysX\Common;D:\Git\cmd;D:\node.js;C:\WINDOWS\system32;C:\WINDOWS;C:\WINDOWS\System32\Wbem;C:\WINDOWS\System32\WindowsPowerShell\v1.0;C:\WINDOWS\System32\OpenSSH;D:\Software\Yarn\bin;%CMDER_HOME%;D:\Software\hugo;C:\Users\86138\AppData\Local\Programs\Python\Python37\Scripts;C:\Users\86138\AppData\Local\Programs\Python\Python37;C:\Users\86138\AppData\Local\Microsoft\WindowsApps;C:\Users\86138\AppData\Roaming\npm;D:\Microsoft VS Code\bin;C:\Users\86138\AppData\Local\Yarn\bin

Yarn version: 
  1.19.1

Node version: 
  10.16.0

Platform: 
  win32 x64

Trace: 
  Error: https://registry.npm.taobao.org/app4.css: Not found
      at Request.params.callback [as _callback] (D:\Software\Yarn\lib\cli.js:66035:18)
      at Request.self.callback (D:\Software\Yarn\lib\cli.js:140564:22)
      at Request.emit (events.js:198:13)
      at Request.<anonymous> (D:\Software\Yarn\lib\cli.js:141536:10)
      at Request.emit (events.js:198:13)
      at IncomingMessage.<anonymous> (D:\Software\Yarn\lib\cli.js:141458:12)
      at Object.onceWrapper (events.js:286:20)
      at IncomingMessage.emit (events.js:203:15)
      at endReadableNT (_stream_readable.js:1129:12)
      at process._tickCallback (internal/process/next_tick.js:63:19)

npm manifest: 
  {
    "name": "MVC",
    "version": "1.0.0",
    "main": "index.js",
    "license": "MIT",
    "dependencies": {
      "jquery": "^3.4.1"
    }
  }

yarn manifest: 
  No manifest

Lockfile: 
  # THIS IS AN AUTOGENERATED FILE. DO NOT EDIT THIS FILE DIRECTLY.
  # yarn lockfile v1
  
  
  jquery@^3.4.1:
    version "3.4.1"
    resolved "https://registry.npm.taobao.org/jquery/download/jquery-3.4.1.tgz#714f1f8d9dde4bdfa55764ba37ef214630d80ef2"
    integrity sha1-cU8fjZ3eS9+lV2S6N+8hRjDYDvI=

